# JRE version: OpenJDK Runtime Environment (11.0.4+10) (build 11.0.4+10-b304.77)
# Java VM: OpenJDK 64-Bit Server VM (11.0.4+10-b304.77, mixed mode, sharing, tiered, compressed oops, g1 gc, windows-amd64)
Heap:
 garbage-first heap   total 131072K, used 60431K [0x0000000081600000, 0x0000000100000000)
  region size 1024K, 53 young (54272K), 5 survivors (5120K)
 Metaspace       used 27380K, capacity 28223K, committed 28464K, reserved 1073152K
  class space    used 3545K, capacity 3870K, committed 3968K, reserved 1048576K
GC Heap History (8 events):
Event: 0.813 GC heap before
{Heap before GC invocations=0 (full 0):
 garbage-first heap   total 131072K, used 24576K [0x0000000081600000, 0x0000000100000000)
  region size 1024K, 24 young (24576K), 0 survivors (0K)
 Metaspace       used 4451K, capacity 6726K, committed 6912K, reserved 1056768K
  class space    used 494K, capacity 736K, committed 768K, reserved 1048576K
}
Event: 0.819 GC heap after
{Heap after GC invocations=1 (full 0):
 garbage-first heap   total 131072K, used 7265K [0x0000000081600000, 0x0000000100000000)
  region size 1024K, 3 young (3072K), 3 survivors (3072K)
 Metaspace       used 4451K, capacity 6726K, committed 6912K, reserved 1056768K
  class space    used 494K, capacity 736K, committed 768K, reserved 1048576K
}
Event: 1.686 GC heap before
{Heap before GC invocations=1 (full 0):
 garbage-first heap   total 131072K, used 82017K [0x0000000081600000, 0x0000000100000000)
  region size 1024K, 76 young (77824K), 3 survivors (3072K)
 Metaspace       used 16872K, capacity 17460K, committed 17536K, reserved 1064960K
  class space    used 2163K, capacity 2391K, committed 2432K, reserved 1048576K
}
Event: 1.694 GC heap after
{Heap after GC invocations=2 (full 0):
 garbage-first heap   total 131072K, used 10698K [0x0000000081600000, 0x0000000100000000)
  region size 1024K, 7 young (7168K), 7 survivors (7168K)
 Metaspace       used 16872K, capacity 17460K, committed 17536K, reserved 1064960K
  class space    used 2163K, capacity 2391K, committed 2432K, reserved 1048576K
}
Event: 2.071 GC heap before
{Heap before GC invocations=2 (full 0):
 garbage-first heap   total 131072K, used 80330K [0x0000000081600000, 0x0000000100000000)
  region size 1024K, 76 young (77824K), 7 survivors (7168K)
 Metaspace       used 19658K, capacity 20297K, committed 20480K, reserved 1067008K
  class space    used 2501K, capacity 2740K, committed 2816K, reserved 1048576K
}
Event: 2.079 GC heap after
{Heap after GC invocations=3 (full 0):
 garbage-first heap   total 131072K, used 11822K [0x0000000081600000, 0x0000000100000000)
  region size 1024K, 5 young (5120K), 5 survivors (5120K)
 Metaspace       used 19658K, capacity 20297K, committed 20480K, reserved 1067008K
  class space    used 2501K, capacity 2740K, committed 2816K, reserved 1048576K
}
Event: 2.510 GC heap before
{Heap before GC invocations=3 (full 0):
 garbage-first heap   total 131072K, used 58926K [0x0000000081600000, 0x0000000100000000)
  region size 1024K, 52 young (53248K), 5 survivors (5120K)
 Metaspace       used 20547K, capacity 21138K, committed 21296K, reserved 1067008K
  class space    used 2601K, capacity 2864K, committed 2944K, reserved 1048576K
}
Event: 2.527 GC heap after
{Heap after GC invocations=4 (full 0):
 garbage-first heap   total 131072K, used 12303K [0x0000000081600000, 0x0000000100000000)
  region size 1024K, 5 young (5120K), 5 survivors (5120K)
 Metaspace       used 20547K, capacity 21138K, committed 21296K, reserved 1067008K
  class space    used 2601K, capacity 2864K, committed 2944K, reserved 1048576K
}

