# JRE version: OpenJDK Runtime Environment (11.0.4+10) (build 11.0.4+10-b304.77)
# Java VM: OpenJDK 64-Bit Server VM (11.0.4+10-b304.77, mixed mode, sharing, tiered, compressed oops, g1 gc, windows-amd64)
Heap:
 garbage-first heap   total 157696K, used 67741K [0x0000000081600000, 0x0000000100000000)
  region size 1024K, 62 young (63488K), 9 survivors (9216K)
 Metaspace       used 31506K, capacity 32543K, committed 32816K, reserved 1077248K
  class space    used 3965K, capacity 4400K, committed 4480K, reserved 1048576K
GC Heap History (10 events):
Event: 0.822 GC heap before
{Heap before GC invocations=0 (full 0):
 garbage-first heap   total 131072K, used 24576K [0x0000000081600000, 0x0000000100000000)
  region size 1024K, 24 young (24576K), 0 survivors (0K)
 Metaspace       used 3840K, capacity 6528K, committed 6656K, reserved 1056768K
  class space    used 404K, capacity 668K, committed 768K, reserved 1048576K
}
Event: 0.829 GC heap after
{Heap after GC invocations=1 (full 0):
 garbage-first heap   total 131072K, used 7233K [0x0000000081600000, 0x0000000100000000)
  region size 1024K, 3 young (3072K), 3 survivors (3072K)
 Metaspace       used 3840K, capacity 6528K, committed 6656K, reserved 1056768K
  class space    used 404K, capacity 668K, committed 768K, reserved 1048576K
}
Event: 1.919 GC heap before
{Heap before GC invocations=1 (full 0):
 garbage-first heap   total 131072K, used 80961K [0x0000000081600000, 0x0000000100000000)
  region size 1024K, 76 young (77824K), 3 survivors (3072K)
 Metaspace       used 14770K, capacity 15276K, committed 15488K, reserved 1062912K
  class space    used 1952K, capacity 2171K, committed 2176K, reserved 1048576K
}
Event: 1.927 GC heap after
{Heap after GC invocations=2 (full 0):
 garbage-first heap   total 131072K, used 9723K [0x0000000081600000, 0x0000000100000000)
  region size 1024K, 6 young (6144K), 6 survivors (6144K)
 Metaspace       used 14770K, capacity 15276K, committed 15488K, reserved 1062912K
  class space    used 1952K, capacity 2171K, committed 2176K, reserved 1048576K
}
Event: 2.356 GC heap before
{Heap before GC invocations=2 (full 0):
 garbage-first heap   total 131072K, used 80379K [0x0000000081600000, 0x0000000100000000)
  region size 1024K, 76 young (77824K), 6 survivors (6144K)
 Metaspace       used 19150K, capacity 19747K, committed 19840K, reserved 1067008K
  class space    used 2447K, capacity 2660K, committed 2688K, reserved 1048576K
}
Event: 2.363 GC heap after
{Heap after GC invocations=3 (full 0):
 garbage-first heap   total 131072K, used 11292K [0x0000000081600000, 0x0000000100000000)
  region size 1024K, 5 young (5120K), 5 survivors (5120K)
 Metaspace       used 19150K, capacity 19747K, committed 19840K, reserved 1067008K
  class space    used 2447K, capacity 2660K, committed 2688K, reserved 1048576K
}
Event: 2.792 GC heap before
{Heap before GC invocations=3 (full 0):
 garbage-first heap   total 131072K, used 75804K [0x0000000081600000, 0x0000000100000000)
  region size 1024K, 69 young (70656K), 5 survivors (5120K)
 Metaspace       used 20487K, capacity 21145K, committed 21296K, reserved 1067008K
  class space    used 2584K, capacity 2859K, committed 2944K, reserved 1048576K
}
Event: 2.801 GC heap after
{Heap after GC invocations=4 (full 0):
 garbage-first heap   total 131072K, used 11877K [0x0000000081600000, 0x0000000100000000)
  region size 1024K, 5 young (5120K), 5 survivors (5120K)
 Metaspace       used 20487K, capacity 21145K, committed 21296K, reserved 1067008K
  class space    used 2584K, capacity 2859K, committed 2944K, reserved 1048576K
}
Event: 5.624 GC heap before
{Heap before GC invocations=5 (full 0):
 garbage-first heap   total 131072K, used 83557K [0x0000000081600000, 0x0000000100000000)
  region size 1024K, 76 young (77824K), 5 survivors (5120K)
 Metaspace       used 29664K, capacity 30592K, committed 30640K, reserved 1075200K
  class space    used 3737K, capacity 4072K, committed 4096K, reserved 1048576K
}
Event: 5.634 GC heap after
{Heap after GC invocations=6 (full 0):
 garbage-first heap   total 157696K, used 15517K [0x0000000081600000, 0x0000000100000000)
  region size 1024K, 9 young (9216K), 9 survivors (9216K)
 Metaspace       used 29664K, capacity 30592K, committed 30640K, reserved 1075200K
  class space    used 3737K, capacity 4072K, committed 4096K, reserved 1048576K
}

