# JRE version: OpenJDK Runtime Environment (11.0.4+10) (build 11.0.4+10-b304.77)
# Java VM: OpenJDK 64-Bit Server VM (11.0.4+10-b304.77, mixed mode, sharing, tiered, compressed oops, g1 gc, windows-amd64)
Heap:
 garbage-first heap   total 157696K, used 34761K [0x0000000081600000, 0x0000000100000000)
  region size 1024K, 26 young (26624K), 8 survivors (8192K)
 Metaspace       used 37275K, capacity 38343K, committed 38608K, reserved 1083392K
  class space    used 4718K, capacity 5139K, committed 5248K, reserved 1048576K
GC Heap History (10 events):
Event: 1.573 GC heap before
{Heap before GC invocations=1 (full 0):
 garbage-first heap   total 131072K, used 80724K [0x0000000081600000, 0x0000000100000000)
  region size 1024K, 76 young (77824K), 3 survivors (3072K)
 Metaspace       used 14777K, capacity 15342K, committed 15488K, reserved 1062912K
  class space    used 1962K, capacity 2171K, committed 2176K, reserved 1048576K
}
Event: 1.581 GC heap after
{Heap after GC invocations=2 (full 0):
 garbage-first heap   total 131072K, used 9711K [0x0000000081600000, 0x0000000100000000)
  region size 1024K, 6 young (6144K), 6 survivors (6144K)
 Metaspace       used 14777K, capacity 15342K, committed 15488K, reserved 1062912K
  class space    used 1962K, capacity 2171K, committed 2176K, reserved 1048576K
}
Event: 2.175 GC heap before
{Heap before GC invocations=2 (full 0):
 garbage-first heap   total 131072K, used 80367K [0x0000000081600000, 0x0000000100000000)
  region size 1024K, 76 young (77824K), 6 survivors (6144K)
 Metaspace       used 19063K, capacity 19620K, committed 19840K, reserved 1067008K
  class space    used 2443K, capacity 2660K, committed 2688K, reserved 1048576K
}
Event: 2.190 GC heap after
{Heap after GC invocations=3 (full 0):
 garbage-first heap   total 131072K, used 11293K [0x0000000081600000, 0x0000000100000000)
  region size 1024K, 5 young (5120K), 5 survivors (5120K)
 Metaspace       used 19063K, capacity 19620K, committed 19840K, reserved 1067008K
  class space    used 2443K, capacity 2660K, committed 2688K, reserved 1048576K
}
Event: 3.348 GC heap before
{Heap before GC invocations=3 (full 0):
 garbage-first heap   total 131072K, used 77853K [0x0000000081600000, 0x0000000100000000)
  region size 1024K, 71 young (72704K), 5 survivors (5120K)
 Metaspace       used 20529K, capacity 21153K, committed 21296K, reserved 1067008K
  class space    used 2596K, capacity 2861K, committed 2944K, reserved 1048576K
}
Event: 3.366 GC heap after
{Heap after GC invocations=4 (full 0):
 garbage-first heap   total 131072K, used 11808K [0x0000000081600000, 0x0000000100000000)
  region size 1024K, 5 young (5120K), 5 survivors (5120K)
 Metaspace       used 20529K, capacity 21153K, committed 21296K, reserved 1067008K
  class space    used 2596K, capacity 2861K, committed 2944K, reserved 1048576K
}
Event: 7.240 GC heap before
{Heap before GC invocations=5 (full 0):
 garbage-first heap   total 131072K, used 83488K [0x0000000081600000, 0x0000000100000000)
  region size 1024K, 76 young (77824K), 5 survivors (5120K)
 Metaspace       used 29646K, capacity 30528K, committed 30640K, reserved 1075200K
  class space    used 3734K, capacity 4072K, committed 4096K, reserved 1048576K
}
Event: 7.271 GC heap after
{Heap after GC invocations=6 (full 0):
 garbage-first heap   total 157696K, used 15724K [0x0000000081600000, 0x0000000100000000)
  region size 1024K, 9 young (9216K), 9 survivors (9216K)
 Metaspace       used 29646K, capacity 30528K, committed 30640K, reserved 1075200K
  class space    used 3734K, capacity 4072K, committed 4096K, reserved 1048576K
}
Event: 8.243 GC heap before
{Heap before GC invocations=6 (full 0):
 garbage-first heap   total 157696K, used 87404K [0x0000000081600000, 0x0000000100000000)
  region size 1024K, 81 young (82944K), 9 survivors (9216K)
 Metaspace       used 34757K, capacity 35747K, committed 35920K, reserved 1081344K
  class space    used 4363K, capacity 4765K, committed 4864K, reserved 1048576K
}
Event: 8.263 GC heap after
{Heap after GC invocations=7 (full 0):
 garbage-first heap   total 157696K, used 17353K [0x0000000081600000, 0x0000000100000000)
  region size 1024K, 8 young (8192K), 8 survivors (8192K)
 Metaspace       used 34757K, capacity 35747K, committed 35920K, reserved 1081344K
  class space    used 4363K, capacity 4765K, committed 4864K, reserved 1048576K
}

