# JRE version: OpenJDK Runtime Environment (11.0.4+10) (build 11.0.4+10-b304.77)
# Java VM: OpenJDK 64-Bit Server VM (11.0.4+10-b304.77, mixed mode, sharing, tiered, compressed oops, g1 gc, windows-amd64)
Heap:
 garbage-first heap   total 131072K, used 60316K [0x0000000081600000, 0x0000000100000000)
  region size 1024K, 53 young (54272K), 5 survivors (5120K)
 Metaspace       used 27409K, capacity 28301K, committed 28464K, reserved 1073152K
  class space    used 3545K, capacity 3870K, committed 3968K, reserved 1048576K
GC Heap History (10 events):
Event: 1.473 GC heap before
{Heap before GC invocations=0 (full 0):
 garbage-first heap   total 131072K, used 24576K [0x0000000081600000, 0x0000000100000000)
  region size 1024K, 24 young (24576K), 0 survivors (0K)
 Metaspace       used 4565K, capacity 6704K, committed 6912K, reserved 1056768K
  class space    used 496K, capacity 728K, committed 768K, reserved 1048576K
}
Event: 1.479 GC heap after
{Heap after GC invocations=1 (full 0):
 garbage-first heap   total 131072K, used 7651K [0x0000000081600000, 0x0000000100000000)
  region size 1024K, 3 young (3072K), 3 survivors (3072K)
 Metaspace       used 4565K, capacity 6704K, committed 6912K, reserved 1056768K
  class space    used 496K, capacity 728K, committed 768K, reserved 1048576K
}
Event: 1.775 GC heap before
{Heap before GC invocations=1 (full 0):
 garbage-first heap   total 131072K, used 29155K [0x0000000081600000, 0x0000000100000000)
  region size 1024K, 24 young (24576K), 3 survivors (3072K)
 Metaspace       used 8717K, capacity 9665K, committed 9728K, reserved 1058816K
  class space    used 1065K, capacity 1238K, committed 1280K, reserved 1048576K
}
Event: 1.781 GC heap after
{Heap after GC invocations=2 (full 0):
 garbage-first heap   total 131072K, used 8904K [0x0000000081600000, 0x0000000100000000)
  region size 1024K, 2 young (2048K), 2 survivors (2048K)
 Metaspace       used 8717K, capacity 9665K, committed 9728K, reserved 1058816K
  class space    used 1065K, capacity 1238K, committed 1280K, reserved 1048576K
}
Event: 2.437 GC heap before
{Heap before GC invocations=2 (full 0):
 garbage-first heap   total 131072K, used 60104K [0x0000000081600000, 0x0000000100000000)
  region size 1024K, 52 young (53248K), 2 survivors (2048K)
 Metaspace       used 16812K, capacity 17345K, committed 17536K, reserved 1064960K
  class space    used 2158K, capacity 2374K, committed 2432K, reserved 1048576K
}
Event: 2.442 GC heap after
{Heap after GC invocations=3 (full 0):
 garbage-first heap   total 131072K, used 10459K [0x0000000081600000, 0x0000000100000000)
  region size 1024K, 3 young (3072K), 3 survivors (3072K)
 Metaspace       used 16812K, capacity 17345K, committed 17536K, reserved 1064960K
  class space    used 2158K, capacity 2374K, committed 2432K, reserved 1048576K
}
Event: 3.271 GC heap before
{Heap before GC invocations=3 (full 0):
 garbage-first heap   total 131072K, used 84187K [0x0000000081600000, 0x0000000100000000)
  region size 1024K, 76 young (77824K), 3 survivors (3072K)
 Metaspace       used 19695K, capacity 20308K, committed 20480K, reserved 1067008K
  class space    used 2503K, capacity 2740K, committed 2816K, reserved 1048576K
}
Event: 3.282 GC heap after
{Heap after GC invocations=4 (full 0):
 garbage-first heap   total 131072K, used 11943K [0x0000000081600000, 0x0000000100000000)
  region size 1024K, 5 young (5120K), 5 survivors (5120K)
 Metaspace       used 19695K, capacity 20308K, committed 20480K, reserved 1067008K
  class space    used 2503K, capacity 2740K, committed 2816K, reserved 1048576K
}
Event: 3.846 GC heap before
{Heap before GC invocations=4 (full 0):
 garbage-first heap   total 131072K, used 56999K [0x0000000081600000, 0x0000000100000000)
  region size 1024K, 50 young (51200K), 5 survivors (5120K)
 Metaspace       used 20498K, capacity 21134K, committed 21296K, reserved 1067008K
  class space    used 2589K, capacity 2859K, committed 2944K, reserved 1048576K
}
Event: 3.862 GC heap after
{Heap after GC invocations=5 (full 0):
 garbage-first heap   total 131072K, used 12188K [0x0000000081600000, 0x0000000100000000)
  region size 1024K, 5 young (5120K), 5 survivors (5120K)
 Metaspace       used 20498K, capacity 21134K, committed 21296K, reserved 1067008K
  class space    used 2589K, capacity 2859K, committed 2944K, reserved 1048576K
}

