# JRE version: OpenJDK Runtime Environment (11.0.4+10) (build 11.0.4+10-b304.77)
# Java VM: OpenJDK 64-Bit Server VM (11.0.4+10-b304.77, mixed mode, sharing, tiered, compressed oops, g1 gc, windows-amd64)
Heap:
 garbage-first heap   total 157696K, used 98290K [0x0000000081600000, 0x0000000100000000)
  region size 1024K, 85 young (87040K), 11 survivors (11264K)
 Metaspace       used 45773K, capacity 46940K, committed 47184K, reserved 1089536K
  class space    used 5904K, capacity 6397K, committed 6400K, reserved 1048576K
GC Heap History (10 events):
Event: 1.827 GC heap before
{Heap before GC invocations=2 (full 0):
 garbage-first heap   total 131072K, used 80487K [0x0000000081600000, 0x0000000100000000)
  region size 1024K, 76 young (77824K), 6 survivors (6144K)
 Metaspace       used 19082K, capacity 19619K, committed 19840K, reserved 1067008K
  class space    used 2436K, capacity 2660K, committed 2688K, reserved 1048576K
}
Event: 1.836 GC heap after
{Heap after GC invocations=3 (full 0):
 garbage-first heap   total 131072K, used 11066K [0x0000000081600000, 0x0000000100000000)
  region size 1024K, 4 young (4096K), 4 survivors (4096K)
 Metaspace       used 19082K, capacity 19619K, committed 19840K, reserved 1067008K
  class space    used 2436K, capacity 2660K, committed 2688K, reserved 1048576K
}
Event: 2.227 GC heap before
{Heap before GC invocations=3 (full 0):
 garbage-first heap   total 131072K, used 78650K [0x0000000081600000, 0x0000000100000000)
  region size 1024K, 71 young (72704K), 4 survivors (4096K)
 Metaspace       used 20535K, capacity 21151K, committed 21296K, reserved 1067008K
  class space    used 2587K, capacity 2861K, committed 2944K, reserved 1048576K
}
Event: 2.233 GC heap after
{Heap after GC invocations=4 (full 0):
 garbage-first heap   total 131072K, used 12072K [0x0000000081600000, 0x0000000100000000)
  region size 1024K, 5 young (5120K), 5 survivors (5120K)
 Metaspace       used 20535K, capacity 21151K, committed 21296K, reserved 1067008K
  class space    used 2587K, capacity 2861K, committed 2944K, reserved 1048576K
}
Event: 3.704 GC heap before
{Heap before GC invocations=5 (full 0):
 garbage-first heap   total 131072K, used 83752K [0x0000000081600000, 0x0000000100000000)
  region size 1024K, 76 young (77824K), 5 survivors (5120K)
 Metaspace       used 29653K, capacity 30588K, committed 30640K, reserved 1075200K
  class space    used 3739K, capacity 4072K, committed 4096K, reserved 1048576K
}
Event: 3.724 GC heap after
{Heap after GC invocations=6 (full 0):
 garbage-first heap   total 157696K, used 15733K [0x0000000081600000, 0x0000000100000000)
  region size 1024K, 9 young (9216K), 9 survivors (9216K)
 Metaspace       used 29653K, capacity 30588K, committed 30640K, reserved 1075200K
  class space    used 3739K, capacity 4072K, committed 4096K, reserved 1048576K
}
Event: 4.863 GC heap before
{Heap before GC invocations=6 (full 0):
 garbage-first heap   total 157696K, used 87413K [0x0000000081600000, 0x0000000100000000)
  region size 1024K, 81 young (82944K), 9 survivors (9216K)
 Metaspace       used 34801K, capacity 35745K, committed 35920K, reserved 1081344K
  class space    used 4363K, capacity 4765K, committed 4864K, reserved 1048576K
}
Event: 4.904 GC heap after
{Heap after GC invocations=7 (full 0):
 garbage-first heap   total 157696K, used 17008K [0x0000000081600000, 0x0000000100000000)
  region size 1024K, 8 young (8192K), 8 survivors (8192K)
 Metaspace       used 34801K, capacity 35745K, committed 35920K, reserved 1081344K
  class space    used 4363K, capacity 4765K, committed 4864K, reserved 1048576K
}
Event: 6.095 GC heap before
{Heap before GC invocations=8 (full 0):
 garbage-first heap   total 157696K, used 102000K [0x0000000081600000, 0x0000000100000000)
  region size 1024K, 92 young (94208K), 8 survivors (8192K)
 Metaspace       used 44813K, capacity 45908K, committed 46032K, reserved 1089536K
  class space    used 5796K, capacity 6224K, committed 6272K, reserved 1048576K
}
Event: 6.119 GC heap after
{Heap after GC invocations=9 (full 0):
 garbage-first heap   total 157696K, used 22514K [0x0000000081600000, 0x0000000100000000)
  region size 1024K, 11 young (11264K), 11 survivors (11264K)
 Metaspace       used 44813K, capacity 45908K, committed 46032K, reserved 1089536K
  class space    used 5796K, capacity 6224K, committed 6272K, reserved 1048576K
}

