# JRE version: OpenJDK Runtime Environment (11.0.4+10) (build 11.0.4+10-b304.77)
# Java VM: OpenJDK 64-Bit Server VM (11.0.4+10-b304.77, mixed mode, sharing, tiered, compressed oops, g1 gc, windows-amd64)
Heap:
 garbage-first heap   total 157696K, used 30419K [0x0000000081600000, 0x0000000100000000)
  region size 1024K, 20 young (20480K), 12 survivors (12288K)
 Metaspace       used 45210K, capacity 46379K, committed 46672K, reserved 1089536K
  class space    used 5842K, capacity 6296K, committed 6400K, reserved 1048576K
GC Heap History (10 events):
Event: 1.614 GC heap before
{Heap before GC invocations=1 (full 0):
 garbage-first heap   total 131072K, used 80814K [0x0000000081600000, 0x0000000100000000)
  region size 1024K, 76 young (77824K), 3 survivors (3072K)
 Metaspace       used 14743K, capacity 15247K, committed 15488K, reserved 1062912K
  class space    used 1937K, capacity 2140K, committed 2176K, reserved 1048576K
}
Event: 1.630 GC heap after
{Heap after GC invocations=2 (full 0):
 garbage-first heap   total 131072K, used 9841K [0x0000000081600000, 0x0000000100000000)
  region size 1024K, 6 young (6144K), 6 survivors (6144K)
 Metaspace       used 14743K, capacity 15247K, committed 15488K, reserved 1062912K
  class space    used 1937K, capacity 2140K, committed 2176K, reserved 1048576K
}
Event: 2.010 GC heap before
{Heap before GC invocations=2 (full 0):
 garbage-first heap   total 131072K, used 80497K [0x0000000081600000, 0x0000000100000000)
  region size 1024K, 76 young (77824K), 6 survivors (6144K)
 Metaspace       used 19046K, capacity 19621K, committed 19840K, reserved 1067008K
  class space    used 2432K, capacity 2661K, committed 2688K, reserved 1048576K
}
Event: 2.019 GC heap after
{Heap after GC invocations=3 (full 0):
 garbage-first heap   total 131072K, used 11388K [0x0000000081600000, 0x0000000100000000)
  region size 1024K, 5 young (5120K), 5 survivors (5120K)
 Metaspace       used 19046K, capacity 19621K, committed 19840K, reserved 1067008K
  class space    used 2432K, capacity 2661K, committed 2688K, reserved 1048576K
}
Event: 2.470 GC heap before
{Heap before GC invocations=3 (full 0):
 garbage-first heap   total 131072K, used 75900K [0x0000000081600000, 0x0000000100000000)
  region size 1024K, 69 young (70656K), 5 survivors (5120K)
 Metaspace       used 20537K, capacity 21164K, committed 21296K, reserved 1067008K
  class space    used 2588K, capacity 2865K, committed 2944K, reserved 1048576K
}
Event: 2.478 GC heap after
{Heap after GC invocations=4 (full 0):
 garbage-first heap   total 131072K, used 11962K [0x0000000081600000, 0x0000000100000000)
  region size 1024K, 5 young (5120K), 5 survivors (5120K)
 Metaspace       used 20537K, capacity 21164K, committed 21296K, reserved 1067008K
  class space    used 2588K, capacity 2865K, committed 2944K, reserved 1048576K
}
Event: 4.255 GC heap before
{Heap before GC invocations=5 (full 0):
 garbage-first heap   total 131072K, used 83642K [0x0000000081600000, 0x0000000100000000)
  region size 1024K, 76 young (77824K), 5 survivors (5120K)
 Metaspace       used 29652K, capacity 30593K, committed 30640K, reserved 1075200K
  class space    used 3737K, capacity 4073K, committed 4096K, reserved 1048576K
}
Event: 4.280 GC heap after
{Heap after GC invocations=6 (full 0):
 garbage-first heap   total 157696K, used 15785K [0x0000000081600000, 0x0000000100000000)
  region size 1024K, 9 young (9216K), 9 survivors (9216K)
 Metaspace       used 29652K, capacity 30593K, committed 30640K, reserved 1075200K
  class space    used 3737K, capacity 4073K, committed 4096K, reserved 1048576K
}
Event: 5.316 GC heap before
{Heap before GC invocations=6 (full 0):
 garbage-first heap   total 157696K, used 87465K [0x0000000081600000, 0x0000000100000000)
  region size 1024K, 81 young (82944K), 9 survivors (9216K)
 Metaspace       used 34802K, capacity 35749K, committed 35920K, reserved 1081344K
  class space    used 4366K, capacity 4766K, committed 4864K, reserved 1048576K
}
Event: 5.347 GC heap after
{Heap after GC invocations=7 (full 0):
 garbage-first heap   total 157696K, used 17719K [0x0000000081600000, 0x0000000100000000)
  region size 1024K, 8 young (8192K), 8 survivors (8192K)
 Metaspace       used 34802K, capacity 35749K, committed 35920K, reserved 1081344K
  class space    used 4366K, capacity 4766K, committed 4864K, reserved 1048576K
}

